iter  0: As = 100.0000, mu = 100.0000, sigma = 10.0000,  cond(J) =      inf, |f(x)| = 14.0304
iter  1: As = 42.2310, mu = 79.3859, sigma = 22.5181,  cond(J) =  34.4778, |f(x)| = 10.7173
iter  2: As = -10.3168, mu = 80.4026, sigma = 26.0058,  cond(J) = 104.6269, |f(x)| = 10.4832
iter  3: As = 2.0400, mu = 79.4660, sigma = 24.9914,  cond(J) =  67.2955, |f(x)| = 10.4207
iter  4: As = 3.0800, mu = 79.8180, sigma = 25.4731,  cond(J) = 253.6079, |f(x)| = 10.4194
iter  5: As = 2.8915, mu = 81.3454, sigma = 27.4050,  cond(J) = 170.0001, |f(x)| = 10.4166
iter  6: As = 3.6021, mu = 82.9485, sigma = 28.5581,  cond(J) = 177.7032, |f(x)| = 10.4149
iter  7: As = 3.1968, mu = 87.1736, sigma = 28.4561,  cond(J) = 142.5627, |f(x)| = 10.4135
iter  8: As = 3.7002, mu = 93.1486, sigma = 22.5906,  cond(J) = 140.3835, |f(x)| = 10.4109
iter  9: As = 3.2304, mu = 96.6016, sigma = 24.8044,  cond(J) =  76.6925, |f(x)| = 10.4067
iter 10: As = 3.8942, mu = 97.9812, sigma = 23.2132,  cond(J) =  85.0408, |f(x)| = 10.4037
iter 11: As = 3.5471, mu = 106.1526, sigma = 20.2268,  cond(J) =  61.5408, |f(x)| = 10.3892
iter 12: As = 4.6379, mu = 124.4201, sigma = 6.6087,  cond(J) =  39.1604, |f(x)| = 10.1366
iter 13: As = 32.6788, mu = 128.5168, sigma = -2.5357,  cond(J) =   2.6968, |f(x)| = 9.2419
iter 14: As = 42.0931, mu = 122.8774, sigma = -4.1941,  cond(J) =  14.7922, |f(x)| = 9.2146
iter 15: As = 42.3796, mu = 126.9292, sigma = -3.8000,  cond(J) =  11.7097, |f(x)| = 8.3841
iter 16: As = 54.0041, mu = 125.4076, sigma = -2.1240,  cond(J) =  13.6899, |f(x)| = 7.6331
iter 17: As = 68.2516, mu = 126.6404, sigma = -2.1815,  cond(J) =  29.4117, |f(x)| = 7.0503
iter 18: As = 80.0112, mu = 125.9470, sigma = -1.9022,  cond(J) =  36.7059, |f(x)| = 6.5878
iter 19: As = 91.6794, mu = 126.2090, sigma = -1.7822,  cond(J) =  48.7109, |f(x)| = 6.2949
iter 20: As = 108.8809, mu = 126.1554, sigma = -1.5702,  cond(J) =  59.5540, |f(x)| = 6.0455
iter 21: As = 122.5791, mu = 126.1999, sigma = -1.4730,  cond(J) =  79.5718, |f(x)| = 5.9542
iter 22: As = 128.0297, mu = 126.2076, sigma = -1.4285,  cond(J) =  95.1655, |f(x)| = 5.9440
iter 23: As = 129.1734, mu = 126.2136, sigma = -1.4159,  cond(J) = 102.3085, |f(x)| = 5.9435
iter 24: As = 129.3841, mu = 126.2154, sigma = -1.4123,  cond(J) = 104.0973, |f(x)| = 5.9434
iter 25: As = 129.4334, mu = 126.2159, sigma = -1.4114,  cond(J) = 104.5195, |f(x)| = 5.9434
iter 26: As = 129.4465, mu = 126.2161, sigma = -1.4111,  cond(J) = 104.6288, |f(x)| = 5.9434
iter 27: As = 129.4500, mu = 126.2161, sigma = -1.4110,  cond(J) = 104.6584, |f(x)| = 5.9434
iter 28: As = 129.4510, mu = 126.2161, sigma = -1.4110,  cond(J) = 104.6665, |f(x)| = 5.9434
iter 29: As = 129.4513, mu = 126.2161, sigma = -1.4110,  cond(J) = 104.6687, |f(x)| = 5.9434
iter 30: As = 129.4513, mu = 126.2161, sigma = -1.4110,  cond(J) = 104.6693, |f(x)| = 5.9434
iter 31: As = 129.4514, mu = 126.2161, sigma = -1.4110,  cond(J) = 104.6695, |f(x)| = 5.9434
iter 32: As = 129.4514, mu = 126.2161, sigma = -1.4110,  cond(J) = 104.6695, |f(x)| = 5.9434
iter 33: As = 129.4514, mu = 126.2161, sigma = -1.4110,  cond(J) = 104.6695, |f(x)| = 5.9434
iter 34: As = 129.4514, mu = 126.2161, sigma = -1.4110,  cond(J) = 104.6695, |f(x)| = 5.9434
reading file higgs.dat
t: 100.500000	y: 1624.000000	w: 40.298900
t: 101.500000	y: 1549.000000	w: 39.357300
t: 102.500000	y: 1535.000000	w: 39.179100
t: 103.500000	y: 1436.000000	w: 37.894600
t: 104.500000	y: 1347.000000	w: 36.701500
t: 105.500000	y: 1288.000000	w: 35.888700
t: 106.500000	y: 1239.000000	w: 35.199400
t: 107.500000	y: 1151.000000	w: 33.926400
t: 108.500000	y: 1084.000000	w: 32.924200
t: 109.500000	y: 1008.000000	w: 31.749000
t: 110.500000	y: 973.000000	w: 31.192900
t: 111.500000	y: 966.000000	w: 31.080500
t: 112.500000	y: 935.000000	w: 30.577800
t: 113.500000	y: 843.000000	w: 29.034500
t: 114.500000	y: 807.000000	w: 28.407700
t: 115.500000	y: 792.000000	w: 28.142500
t: 116.500000	y: 760.000000	w: 27.568100
t: 117.500000	y: 683.000000	w: 26.134300
t: 118.500000	y: 680.000000	w: 26.076800
t: 119.500000	y: 662.000000	w: 25.729400
t: 120.500000	y: 602.000000	w: 24.535700
t: 121.500000	y: 566.000000	w: 23.790800
t: 122.500000	y: 596.000000	w: 24.413100
t: 123.500000	y: 561.000000	w: 23.685400
t: 124.500000	y: 565.000000	w: 23.769700
t: 125.500000	y: 590.000000	w: 24.289900
t: 126.500000	y: 599.000000	w: 24.474500
t: 127.500000	y: 520.000000	w: 22.803500
t: 128.500000	y: 451.000000	w: 21.236800
t: 129.500000	y: 402.000000	w: 20.049900
t: 130.500000	y: 391.000000	w: 19.773700
t: 131.500000	y: 348.000000	w: 18.654800
t: 132.500000	y: 336.000000	w: 18.330300
t: 133.500000	y: 317.000000	w: 17.804500
t: 134.500000	y: 298.000000	w: 17.262700
t: 135.500000	y: 311.000000	w: 17.635200
t: 136.500000	y: 296.000000	w: 17.204700
t: 137.500000	y: 245.000000	w: 15.652500
t: 138.500000	y: 266.000000	w: 16.309500
t: 139.500000	y: 227.000000	w: 15.066500
t: 140.500000	y: 238.000000	w: 15.427200
t: 141.500000	y: 206.000000	w: 14.352700
t: 142.500000	y: 200.000000	w: 14.142100
t: 143.500000	y: 199.000000	w: 14.106700
t: 144.500000	y: 175.000000	w: 13.228800
t: 145.500000	y: 186.000000	w: 13.638200
t: 146.500000	y: 164.000000	w: 12.806200
t: 147.500000	y: 151.000000	w: 12.288200
t: 148.500000	y: 133.000000	w: 11.532600
t: 149.500000	y: 147.000000	w: 12.124400
t: 150.500000	y: 136.000000	w: 11.661900
t: 151.500000	y: 125.000000	w: 11.180300
t: 152.500000	y: 125.000000	w: 11.180300
t: 153.500000	y: 116.000000	w: 10.770300
t: 154.500000	y: 122.000000	w: 11.045400
t: 155.500000	y: 98.000000	w: 9.899490
t: 156.500000	y: 108.000000	w: 10.392300
t: 157.500000	y: 92.000000	w: 9.591660
hello
summary from method 'trust-region/levenberg-marquardt'
number of iterations: 34
function evaluations: 46
Jacobian evaluations: 35
reason for stopping: small step size
initial |f(x)| = 14.030446
final   |f(x)| = 5.943439
chisq/dof = 0.619727
As     = 129.45137 +/- 18.66079
mu    = 126.21613 +/- 0.22541
sigma    = -1.41099 +/- 0.22214
status = success
